<?xml version="1.0" encoding="utf-8"?><testsuites name="pytest tests"><testsuite name="pytest" errors="0" failures="0" skipped="0" tests="7" time="1.277" timestamp="2026-02-27T12:44:14.037129+00:00" hostname="agent-env-a0fec1ca-ba37-4f90-8baf-0e5716fa4dde"><testcase classname="tests.test_new_pdf_endpoint.TestNewPDFEndpoint" name="test_generate_pdf_get_basic" time="0.301" /><testcase classname="tests.test_new_pdf_endpoint.TestNewPDFEndpoint" name="test_generate_pdf_get_with_title" time="0.171" /><testcase classname="tests.test_new_pdf_endpoint.TestNewPDFEndpoint" name="test_generate_pdf_get_with_selected_ids" time="0.177" /><testcase classname="tests.test_new_pdf_endpoint.TestNewPDFEndpoint" name="test_generate_pdf_get_no_questions" time="0.135" /><testcase classname="tests.test_new_pdf_endpoint.TestNewPDFEndpoint" name="test_generate_pdf_get_with_empty_selected_ids" time="0.116" /><testcase classname="tests.test_new_pdf_endpoint.TestBackwardCompatibility" name="test_post_generate_pdf_still_works" time="0.123" /><testcase classname="tests.test_new_pdf_endpoint.TestBackwardCompatibility" name="test_post_with_selected_questions_still_works" time="0.225" /></testsuite></testsuites>