<?xml version="1.0" encoding="utf-8"?><testsuites name="pytest tests"><testsuite name="pytest" errors="0" failures="0" skipped="0" tests="16" time="2.232" timestamp="2026-02-27T12:24:48.709605+00:00" hostname="agent-env-a0fec1ca-ba37-4f90-8baf-0e5716fa4dde"><testcase classname="backend.tests.test_backend_api.TestHealthAndRoot" name="test_root_endpoint" time="0.197" /><testcase classname="backend.tests.test_backend_api.TestLogin" name="test_login_success" time="0.111" /><testcase classname="backend.tests.test_backend_api.TestLogin" name="test_login_failure_wrong_credentials" time="0.106" /><testcase classname="backend.tests.test_backend_api.TestLogin" name="test_login_failure_missing_username" time="0.115" /><testcase classname="backend.tests.test_backend_api.TestLogin" name="test_login_failure_missing_password" time="0.105" /><testcase classname="backend.tests.test_backend_api.TestSubjects" name="test_get_all_subjects" time="0.147" /><testcase classname="backend.tests.test_backend_api.TestSubjects" name="test_get_subject_by_id_jvn" time="0.113" /><testcase classname="backend.tests.test_backend_api.TestSubjects" name="test_get_subject_not_found" time="0.150" /><testcase classname="backend.tests.test_backend_api.TestQuestions" name="test_get_jvn_questions" time="0.103" /><testcase classname="backend.tests.test_backend_api.TestQuestions" name="test_get_questions_empty_subject" time="0.107" /><testcase classname="backend.tests.test_backend_api.TestQuestions" name="test_get_questions_case_insensitive" time="0.104" /><testcase classname="backend.tests.test_backend_api.TestPDFGeneration" name="test_generate_pdf_jvn" time="0.258" /><testcase classname="backend.tests.test_backend_api.TestPDFGeneration" name="test_generate_pdf_no_questions" time="0.116" /><testcase classname="backend.tests.test_backend_api.TestPDFGeneration" name="test_generate_pdf_missing_subject_code" time="0.102" /><testcase classname="backend.tests.test_backend_api.TestPDFGeneration" name="test_generate_pdf_with_selected_questions" time="0.200" /><testcase classname="backend.tests.test_backend_api.TestPDFGeneration" name="test_generate_pdf_with_empty_selected_list" time="0.137" /></testsuite></testsuites>