<?xml version="1.0" encoding="utf-8"?><testsuites name="pytest tests"><testsuite name="pytest" errors="0" failures="0" skipped="0" tests="14" time="1.802" timestamp="2026-02-27T12:10:06.234159+00:00" hostname="agent-env-a0fec1ca-ba37-4f90-8baf-0e5716fa4dde"><testcase classname="tests.test_backend_api.TestHealthAndRoot" name="test_root_endpoint" time="0.163" /><testcase classname="tests.test_backend_api.TestLogin" name="test_login_success" time="0.146" /><testcase classname="tests.test_backend_api.TestLogin" name="test_login_failure_wrong_credentials" time="0.096" /><testcase classname="tests.test_backend_api.TestLogin" name="test_login_failure_missing_username" time="0.099" /><testcase classname="tests.test_backend_api.TestLogin" name="test_login_failure_missing_password" time="0.130" /><testcase classname="tests.test_backend_api.TestSubjects" name="test_get_all_subjects" time="0.110" /><testcase classname="tests.test_backend_api.TestSubjects" name="test_get_subject_by_id_jvn" time="0.119" /><testcase classname="tests.test_backend_api.TestSubjects" name="test_get_subject_not_found" time="0.136" /><testcase classname="tests.test_backend_api.TestQuestions" name="test_get_jvn_questions" time="0.104" /><testcase classname="tests.test_backend_api.TestQuestions" name="test_get_questions_empty_subject" time="0.106" /><testcase classname="tests.test_backend_api.TestQuestions" name="test_get_questions_case_insensitive" time="0.107" /><testcase classname="tests.test_backend_api.TestPDFGeneration" name="test_generate_pdf_jvn" time="0.231" /><testcase classname="tests.test_backend_api.TestPDFGeneration" name="test_generate_pdf_no_questions" time="0.106" /><testcase classname="tests.test_backend_api.TestPDFGeneration" name="test_generate_pdf_missing_subject_code" time="0.103" /></testsuite></testsuites>