<?xml version="1.0" encoding="utf-8"?><testsuites name="pytest tests"><testsuite name="pytest" errors="0" failures="0" skipped="0" tests="8" time="1.068" timestamp="2026-02-27T12:52:59.378448+00:00" hostname="agent-env-a0fec1ca-ba37-4f90-8baf-0e5716fa4dde"><testcase classname="backend.tests.test_section_filtering.TestSectionFiltering" name="test_jvn_section_mental" time="0.224" /><testcase classname="backend.tests.test_section_filtering.TestSectionFiltering" name="test_jvn_section_math" time="0.112" /><testcase classname="backend.tests.test_section_filtering.TestSectionFiltering" name="test_jvn_section_gujarati" time="0.105" /><testcase classname="backend.tests.test_section_filtering.TestSectionFiltering" name="test_jvn_without_section_param" time="0.101" /><testcase classname="backend.tests.test_section_filtering.TestSectionFiltering" name="test_section_filtering_case_sensitive" time="0.111" /><testcase classname="backend.tests.test_section_filtering.TestSectionFiltering" name="test_section_filtering_invalid_section" time="0.117" /><testcase classname="backend.tests.test_section_filtering.TestSectionFilteringDataIntegrity" name="test_all_jvn_questions_have_section_field" time="0.115" /><testcase classname="backend.tests.test_section_filtering.TestSectionFilteringDataIntegrity" name="test_section_distribution" time="0.152" /></testsuite></testsuites>